This file contains any messages produced by compilers while
running configure, to aid debugging if configure makes a mistake.

It was created by sdcv configure 0.4.2, which was
generated by GNU Autoconf 2.59.  Invocation command line was

  $ ./configure --host=arm-unknown-linux --target=arm-unknown-linux --build=i686-pc-linux --prefix=/home/andy/nanox/fakeroot --with-libiconv-prefix=/home/andy/nanox/fakeroot --with-readline=/home/andy/nanox/fakeroot

## --------- ##
## Platform. ##
## --------- ##

hostname = friends
uname -m = i686
uname -r = 2.4.21-4.ELsmp
uname -s = Linux
uname -v = #1 SMP Fri Oct 3 17:52:56 EDT 2003

/usr/bin/uname -p = unknown
/bin/uname -X     = unknown

/bin/arch              = i686
/usr/bin/arch -k       = unknown
/usr/convex/getsysinfo = unknown
hostinfo               = unknown
/bin/machine           = unknown
/usr/bin/oslevel       = unknown
/bin/universe          = unknown

PATH: /usr/kerberos/bin
PATH: /usr/local/bin
PATH: /bin
PATH: /usr/bin
PATH: /usr/X11R6/bin
PATH: /home/andy/bin


## ----------- ##
## Core tests. ##
## ----------- ##

configure:1375: checking whether to enable maintainer-specific portions of Makefiles
configure:1384: result: no
configure:1439: checking for a BSD-compatible install
configure:1494: result: /usr/bin/install -c
configure:1505: checking whether build environment is sane
configure:1548: result: yes
configure:1613: checking for gawk
configure:1629: found /bin/gawk
configure:1639: result: gawk
configure:1649: checking whether make sets $(MAKE)
configure:1669: result: yes
configure:1745: checking for arm-unknown-linux-strip
configure:1771: result: /usr/local/arm/3.4.1/bin/arm-linux-strip
configure:1848: checking for arm-unknown-linux-gcc
configure:1874: result: /usr/local/arm/3.4.1/bin/arm-linux-gcc
configure:2156: checking for C compiler version
configure:2159: /usr/local/arm/3.4.1/bin/arm-linux-gcc --version </dev/null >&5
arm-linux-gcc (GCC) 3.4.1
Copyright (C) 2004 Free Software Foundation, Inc.
This is free software; see the source for copying conditions.  There is NO
warranty; not even for MERCHANTABILITY or FITNESS FOR A PARTICULAR PURPOSE.

configure:2162: $? = 0
configure:2164: /usr/local/arm/3.4.1/bin/arm-linux-gcc -v </dev/null >&5
Reading specs from /usr/local/arm/3.4.1/lib/gcc/arm-linux/3.4.1/specs
Configured with: /work/crosstool-0.27/build/arm-linux/gcc-3.4.1-glibc-2.3.2/gcc-3.4.1/configure --target=arm-linux --host=i686-host_pc-linux-gnu --prefix=/usr/local/arm/3.4.1 --with-headers=/usr/local/arm/3.4.1/arm-linux/include --with-local-prefix=/usr/local/arm/3.4.1/arm-linux --disable-nls --enable-threads=posix --enable-symvers=gnu --enable-__cxa_atexit --enable-languages=c,c++ --enable-shared --enable-c99 --enable-long-long
Thread model: posix
gcc version 3.4.1
configure:2167: $? = 0
configure:2169: /usr/local/arm/3.4.1/bin/arm-linux-gcc -V </dev/null >&5
arm-linux-gcc: `-V' option must have argument
configure:2172: $? = 1
configure:2195: checking for C compiler default output file name
configure:2198: /usr/local/arm/3.4.1/bin/arm-linux-gcc  -I/home/andy/nanox/fakeroot/include -I/home/andy/nanox/fakeroot/include/readline -I/home/andy/nanox/fakeroot/include/ncurses -L/home/andy/nanox/fakeroot/lib -lz -liconv  -lncurses -ltermcap conftest.c  >&5
configure:2201: $? = 0
configure:2247: result: a.out
configure:2252: checking whether the C compiler works
configure:2278: result: yes
configure:2285: checking whether we are cross compiling
configure:2287: result: yes
configure:2290: checking for suffix of executables
configure:2292: /usr/local/arm/3.4.1/bin/arm-linux-gcc -o conftest  -I/home/andy/nanox/fakeroot/include -I/home/andy/nanox/fakeroot/include/readline -I/home/andy/nanox/fakeroot/include/ncurses -L/home/andy/nanox/fakeroot/lib -lz -liconv  -lncurses -ltermcap conftest.c  >&5
configure:2295: $? = 0
configure:2320: result: 
configure:2326: checking for suffix of object files
configure:2347: /usr/local/arm/3.4.1/bin/arm-linux-gcc -c  -I/home/andy/nanox/fakeroot/include -I/home/andy/nanox/fakeroot/include/readline -I/home/andy/nanox/fakeroot/include/ncurses conftest.c >&5
configure:2350: $? = 0
configure:2372: result: o
configure:2376: checking whether we are using the GNU C compiler
configure:2400: /usr/local/arm/3.4.1/bin/arm-linux-gcc -c  -I/home/andy/nanox/fakeroot/include -I/home/andy/nanox/fakeroot/include/readline -I/home/andy/nanox/fakeroot/include/ncurses conftest.c >&5
configure:2406: $? = 0
configure:2410: test -z 
			 || test ! -s conftest.err
configure:2413: $? = 0
configure:2416: test -s conftest.o
configure:2419: $? = 0
configure:2432: result: yes
configure:2438: checking whether /usr/local/arm/3.4.1/bin/arm-linux-gcc accepts -g
configure:2459: /usr/local/arm/3.4.1/bin/arm-linux-gcc -c -g -I/home/andy/nanox/fakeroot/include -I/home/andy/nanox/fakeroot/include/readline -I/home/andy/nanox/fakeroot/include/ncurses conftest.c >&5
configure:2465: $? = 0
configure:2469: test -z 
			 || test ! -s conftest.err
configure:2472: $? = 0
configure:2475: test -s conftest.o
configure:2478: $? = 0
configure:2489: result: yes
configure:2506: checking for /usr/local/arm/3.4.1/bin/arm-linux-gcc option to accept ANSI C
configure:2576: /usr/local/arm/3.4.1/bin/arm-linux-gcc  -c  -I/home/andy/nanox/fakeroot/include -I/home/andy/nanox/fakeroot/include/readline -I/home/andy/nanox/fakeroot/include/ncurses conftest.c >&5
configure:2582: $? = 0
configure:2586: test -z 
			 || test ! -s conftest.err
configure:2589: $? = 0
configure:2592: test -s conftest.o
configure:2595: $? = 0
configure:2613: result: none needed
configure:2631: /usr/local/arm/3.4.1/bin/arm-linux-gcc -c  -I/home/andy/nanox/fakeroot/include -I/home/andy/nanox/fakeroot/include/readline -I/home/andy/nanox/fakeroot/include/ncurses conftest.c >&5
conftest.c:2: error: parse error before "me"
configure:2637: $? = 1
configure: failed program was:
| #ifndef __cplusplus
|   choke me
| #endif
configure:2781: checking for style of include used by make
configure:2809: result: GNU
configure:2837: checking dependency style of /usr/local/arm/3.4.1/bin/arm-linux-gcc
configure:2927: result: gcc3
configure:2949: checking how to run the C preprocessor
configure:2984: /usr/local/arm/3.4.1/bin/arm-linux-gcc -E -I/home/andy/nanox/fakeroot/include -I/home/andy/nanox/fakeroot/include/readline -I/home/andy/nanox/fakeroot/include/ncurses conftest.c
configure:2990: $? = 0
configure:3022: /usr/local/arm/3.4.1/bin/arm-linux-gcc -E -I/home/andy/nanox/fakeroot/include -I/home/andy/nanox/fakeroot/include/readline -I/home/andy/nanox/fakeroot/include/ncurses conftest.c
conftest.c:11:28: ac_nonexistent.h: No such file or directory
configure:3028: $? = 1
configure: failed program was:
| /* confdefs.h.  */
| 
| #define PACKAGE_NAME "sdcv"
| #define PACKAGE_TARNAME "sdcv"
| #define PACKAGE_VERSION "0.4.2"
| #define PACKAGE_STRING "sdcv 0.4.2"
| #define PACKAGE_BUGREPORT "dushistov@mail.ru"
| #define PACKAGE "sdcv"
| #define VERSION "0.4.2"
| /* end confdefs.h.  */
| #include <ac_nonexistent.h>
configure:3067: result: /usr/local/arm/3.4.1/bin/arm-linux-gcc -E
configure:3091: /usr/local/arm/3.4.1/bin/arm-linux-gcc -E -I/home/andy/nanox/fakeroot/include -I/home/andy/nanox/fakeroot/include/readline -I/home/andy/nanox/fakeroot/include/ncurses conftest.c
configure:3097: $? = 0
configure:3129: /usr/local/arm/3.4.1/bin/arm-linux-gcc -E -I/home/andy/nanox/fakeroot/include -I/home/andy/nanox/fakeroot/include/readline -I/home/andy/nanox/fakeroot/include/ncurses conftest.c
conftest.c:11:28: ac_nonexistent.h: No such file or directory
configure:3135: $? = 1
configure: failed program was:
| /* confdefs.h.  */
| 
| #define PACKAGE_NAME "sdcv"
| #define PACKAGE_TARNAME "sdcv"
| #define PACKAGE_VERSION "0.4.2"
| #define PACKAGE_STRING "sdcv 0.4.2"
| #define PACKAGE_BUGREPORT "dushistov@mail.ru"
| #define PACKAGE "sdcv"
| #define VERSION "0.4.2"
| /* end confdefs.h.  */
| #include <ac_nonexistent.h>
configure:3188: checking for arm-unknown-linux-g++
configure:3214: result: /usr/local/arm/3.4.1/bin/arm-linux-g++
configure:3272: checking for C++ compiler version
configure:3275: /usr/local/arm/3.4.1/bin/arm-linux-g++ --version </dev/null >&5
arm-linux-g++ (GCC) 3.4.1
Copyright (C) 2004 Free Software Foundation, Inc.
This is free software; see the source for copying conditions.  There is NO
warranty; not even for MERCHANTABILITY or FITNESS FOR A PARTICULAR PURPOSE.

configure:3278: $? = 0
configure:3280: /usr/local/arm/3.4.1/bin/arm-linux-g++ -v </dev/null >&5
Reading specs from /usr/local/arm/3.4.1/lib/gcc/arm-linux/3.4.1/specs
Configured with: /work/crosstool-0.27/build/arm-linux/gcc-3.4.1-glibc-2.3.2/gcc-3.4.1/configure --target=arm-linux --host=i686-host_pc-linux-gnu --prefix=/usr/local/arm/3.4.1 --with-headers=/usr/local/arm/3.4.1/arm-linux/include --with-local-prefix=/usr/local/arm/3.4.1/arm-linux --disable-nls --enable-threads=posix --enable-symvers=gnu --enable-__cxa_atexit --enable-languages=c,c++ --enable-shared --enable-c99 --enable-long-long
Thread model: posix
gcc version 3.4.1
configure:3283: $? = 0
configure:3285: /usr/local/arm/3.4.1/bin/arm-linux-g++ -V </dev/null >&5
arm-linux-g++: `-V' option must have argument
configure:3288: $? = 1
configure:3291: checking whether we are using the GNU C++ compiler
configure:3315: /usr/local/arm/3.4.1/bin/arm-linux-g++ -c  -I/home/andy/nanox/fakeroot/include -I/home/andy/nanox/fakeroot/include/readline -I/home/andy/nanox/fakeroot/include/ncurses conftest.cc >&5
configure:3321: $? = 0
configure:3325: test -z 
			 || test ! -s conftest.err
configure:3328: $? = 0
configure:3331: test -s conftest.o
configure:3334: $? = 0
configure:3347: result: yes
configure:3353: checking whether /usr/local/arm/3.4.1/bin/arm-linux-g++ accepts -g
configure:3374: /usr/local/arm/3.4.1/bin/arm-linux-g++ -c -g -I/home/andy/nanox/fakeroot/include -I/home/andy/nanox/fakeroot/include/readline -I/home/andy/nanox/fakeroot/include/ncurses conftest.cc >&5
configure:3380: $? = 0
configure:3384: test -z 
			 || test ! -s conftest.err
configure:3387: $? = 0
configure:3390: test -s conftest.o
configure:3393: $? = 0
configure:3404: result: yes
configure:3446: /usr/local/arm/3.4.1/bin/arm-linux-g++ -c -g -O2 -I/home/andy/nanox/fakeroot/include -I/home/andy/nanox/fakeroot/include/readline -I/home/andy/nanox/fakeroot/include/ncurses conftest.cc >&5
configure:3452: $? = 0
configure:3456: test -z 
			 || test ! -s conftest.err
configure:3459: $? = 0
configure:3462: test -s conftest.o
configure:3465: $? = 0
configure:3491: /usr/local/arm/3.4.1/bin/arm-linux-g++ -c -g -O2 -I/home/andy/nanox/fakeroot/include -I/home/andy/nanox/fakeroot/include/readline -I/home/andy/nanox/fakeroot/include/ncurses conftest.cc >&5
conftest.cc: In function `int main()':
conftest.cc:15: error: `exit' undeclared (first use this function)
conftest.cc:15: error: (Each undeclared identifier is reported only once for each function it appears in.)
configure:3497: $? = 1
configure: failed program was:
| /* confdefs.h.  */
| 
| #define PACKAGE_NAME "sdcv"
| #define PACKAGE_TARNAME "sdcv"
| #define PACKAGE_VERSION "0.4.2"
| #define PACKAGE_STRING "sdcv 0.4.2"
| #define PACKAGE_BUGREPORT "dushistov@mail.ru"
| #define PACKAGE "sdcv"
| #define VERSION "0.4.2"
| /* end confdefs.h.  */
| 
| int
| main ()
| {
| exit (42);
|   ;
|   return 0;
| }
configure:3446: /usr/local/arm/3.4.1/bin/arm-linux-g++ -c -g -O2 -I/home/andy/nanox/fakeroot/include -I/home/andy/nanox/fakeroot/include/readline -I/home/andy/nanox/fakeroot/include/ncurses conftest.cc >&5
configure:3452: $? = 0
configure:3456: test -z 
			 || test ! -s conftest.err
configure:3459: $? = 0
configure:3462: test -s conftest.o
configure:3465: $? = 0
configure:3491: /usr/local/arm/3.4.1/bin/arm-linux-g++ -c -g -O2 -I/home/andy/nanox/fakeroot/include -I/home/andy/nanox/fakeroot/include/readline -I/home/andy/nanox/fakeroot/include/ncurses conftest.cc >&5
configure:3497: $? = 0
configure:3501: test -z 
			 || test ! -s conftest.err
configure:3504: $? = 0
configure:3507: test -s conftest.o
configure:3510: $? = 0
configure:3535: checking dependency style of /usr/local/arm/3.4.1/bin/arm-linux-g++
configure:3625: result: gcc3
configure:3653: checking how to run the C++ preprocessor
configure:3684: /usr/local/arm/3.4.1/bin/arm-linux-g++ -E -I/home/andy/nanox/fakeroot/include -I/home/andy/nanox/fakeroot/include/readline -I/home/andy/nanox/fakeroot/include/ncurses conftest.cc
configure:3690: $? = 0
configure:3722: /usr/local/arm/3.4.1/bin/arm-linux-g++ -E -I/home/andy/nanox/fakeroot/include -I/home/andy/nanox/fakeroot/include/readline -I/home/andy/nanox/fakeroot/include/ncurses conftest.cc
conftest.cc:14:28: ac_nonexistent.h: No such file or directory
configure:3728: $? = 1
configure: failed program was:
| /* confdefs.h.  */
| 
| #define PACKAGE_NAME "sdcv"
| #define PACKAGE_TARNAME "sdcv"
| #define PACKAGE_VERSION "0.4.2"
| #define PACKAGE_STRING "sdcv 0.4.2"
| #define PACKAGE_BUGREPORT "dushistov@mail.ru"
| #define PACKAGE "sdcv"
| #define VERSION "0.4.2"
| #ifdef __cplusplus
| extern "C" void std::exit (int) throw (); using std::exit;
| #endif
| /* end confdefs.h.  */
| #include <ac_nonexistent.h>
configure:3767: result: /usr/local/arm/3.4.1/bin/arm-linux-g++ -E
configure:3791: /usr/local/arm/3.4.1/bin/arm-linux-g++ -E -I/home/andy/nanox/fakeroot/include -I/home/andy/nanox/fakeroot/include/readline -I/home/andy/nanox/fakeroot/include/ncurses conftest.cc
configure:3797: $? = 0
configure:3829: /usr/local/arm/3.4.1/bin/arm-linux-g++ -E -I/home/andy/nanox/fakeroot/include -I/home/andy/nanox/fakeroot/include/readline -I/home/andy/nanox/fakeroot/include/ncurses conftest.cc
conftest.cc:14:28: ac_nonexistent.h: No such file or directory
configure:3835: $? = 1
configure: failed program was:
| /* confdefs.h.  */
| 
| #define PACKAGE_NAME "sdcv"
| #define PACKAGE_TARNAME "sdcv"
| #define PACKAGE_VERSION "0.4.2"
| #define PACKAGE_STRING "sdcv 0.4.2"
| #define PACKAGE_BUGREPORT "dushistov@mail.ru"
| #define PACKAGE "sdcv"
| #define VERSION "0.4.2"
| #ifdef __cplusplus
| extern "C" void std::exit (int) throw (); using std::exit;
| #endif
| /* end confdefs.h.  */
| #include <ac_nonexistent.h>
configure:3878: checking whether make sets $(MAKE)
configure:3898: result: yes
configure:3910: checking for arm-unknown-linux-ranlib
configure:3936: result: /usr/local/arm/3.4.1/bin/arm-linux-ranlib
configure:4002: checking whether NLS is requested
configure:4011: result: yes
configure:4049: checking for msgfmt
configure:4080: result: /usr/bin/msgfmt
configure:4089: checking for gmsgfmt
configure:4120: result: /usr/bin/msgfmt
configure:4159: checking for xgettext
configure:4193: result: no
configure:4230: checking for msgmerge
configure:4260: result: /usr/bin/msgmerge
configure:4317: checking build system type
configure:4335: result: i686-pc-linux-gnu
configure:4343: checking host system type
configure:4357: result: arm-unknown-linux-gnu
configure:4389: checking for ld used by GCC
configure:4453: result: /usr/local/arm/3.4.1/bin/arm-linux-ld
configure:4462: checking if the linker (/usr/local/arm/3.4.1/bin/arm-linux-ld) is GNU ld
configure:4475: result: yes
configure:4481: checking for shared library run path origin
configure:4494: result: done
configure:4911: checking whether NLS is requested
configure:4920: result: yes
configure:4938: checking for GNU gettext in libc
configure:4962: /usr/local/arm/3.4.1/bin/arm-linux-g++ -o conftest -g -O2 -I/home/andy/nanox/fakeroot/include -I/home/andy/nanox/fakeroot/include/readline -I/home/andy/nanox/fakeroot/include/ncurses -L/home/andy/nanox/fakeroot/lib -lz -liconv  -lncurses -ltermcap conftest.cc  >&5
configure:4968: $? = 0
configure:4972: test -z 
			 || test ! -s conftest.err
configure:4975: $? = 0
configure:4978: test -s conftest
configure:4981: $? = 0
configure:4993: result: yes
configure:5692: checking whether to use NLS
configure:5694: result: yes
configure:5697: checking where the gettext function comes from
configure:5708: result: libc
configure:5807: checking for iconv
configure:5834: /usr/local/arm/3.4.1/bin/arm-linux-g++ -o conftest -g -O2 -I/home/andy/nanox/fakeroot/include -I/home/andy/nanox/fakeroot/include/readline -I/home/andy/nanox/fakeroot/include/ncurses -L/home/andy/nanox/fakeroot/lib -lz -liconv  -lncurses -ltermcap conftest.cc  >&5
configure:5840: $? = 0
configure:5844: test -z 
			 || test ! -s conftest.err
configure:5847: $? = 0
configure:5850: test -s conftest
configure:5853: $? = 0
configure:5919: result: yes
configure:5942: checking for iconv declaration
configure:5976: /usr/local/arm/3.4.1/bin/arm-linux-g++ -c -g -O2 -I/home/andy/nanox/fakeroot/include -I/home/andy/nanox/fakeroot/include/readline -I/home/andy/nanox/fakeroot/include/ncurses conftest.cc >&5
configure:5982: $? = 0
configure:5986: test -z 
			 || test ! -s conftest.err
configure:5989: $? = 0
configure:5992: test -s conftest.o
configure:5995: $? = 0
configure:6010: result: 
         extern size_t iconv (iconv_t cd, char * *inbuf, size_t *inbytesleft, char * *outbuf, size_t *outbytesleft);
configure:6022: checking for egrep
configure:6032: result: grep -E
configure:6037: checking for ANSI C header files
configure:6062: /usr/local/arm/3.4.1/bin/arm-linux-g++ -c -g -O2 -I/home/andy/nanox/fakeroot/include -I/home/andy/nanox/fakeroot/include/readline -I/home/andy/nanox/fakeroot/include/ncurses conftest.cc >&5
configure:6068: $? = 0
configure:6072: test -z 
			 || test ! -s conftest.err
configure:6075: $? = 0
configure:6078: test -s conftest.o
configure:6081: $? = 0
configure:6190: result: yes
configure:6214: checking for sys/types.h
configure:6230: /usr/local/arm/3.4.1/bin/arm-linux-g++ -c -g -O2 -I/home/andy/nanox/fakeroot/include -I/home/andy/nanox/fakeroot/include/readline -I/home/andy/nanox/fakeroot/include/ncurses conftest.cc >&5
configure:6236: $? = 0
configure:6240: test -z 
			 || test ! -s conftest.err
configure:6243: $? = 0
configure:6246: test -s conftest.o
configure:6249: $? = 0
configure:6260: result: yes
configure:6214: checking for sys/stat.h
configure:6230: /usr/local/arm/3.4.1/bin/arm-linux-g++ -c -g -O2 -I/home/andy/nanox/fakeroot/include -I/home/andy/nanox/fakeroot/include/readline -I/home/andy/nanox/fakeroot/include/ncurses conftest.cc >&5
configure:6236: $? = 0
configure:6240: test -z 
			 || test ! -s conftest.err
configure:6243: $? = 0
configure:6246: test -s conftest.o
configure:6249: $? = 0
configure:6260: result: yes
configure:6214: checking for stdlib.h
configure:6230: /usr/local/arm/3.4.1/bin/arm-linux-g++ -c -g -O2 -I/home/andy/nanox/fakeroot/include -I/home/andy/nanox/fakeroot/include/readline -I/home/andy/nanox/fakeroot/include/ncurses conftest.cc >&5
configure:6236: $? = 0
configure:6240: test -z 
			 || test ! -s conftest.err
configure:6243: $? = 0
configure:6246: test -s conftest.o
configure:6249: $? = 0
configure:6260: result: yes
configure:6214: checking for string.h
configure:6230: /usr/local/arm/3.4.1/bin/arm-linux-g++ -c -g -O2 -I/home/andy/nanox/fakeroot/include -I/home/andy/nanox/fakeroot/include/readline -I/home/andy/nanox/fakeroot/include/ncurses conftest.cc >&5
configure:6236: $? = 0
configure:6240: test -z 
			 || test ! -s conftest.err
configure:6243: $? = 0
configure:6246: test -s conftest.o
configure:6249: $? = 0
configure:6260: result: yes
configure:6214: checking for memory.h
configure:6230: /usr/local/arm/3.4.1/bin/arm-linux-g++ -c -g -O2 -I/home/andy/nanox/fakeroot/include -I/home/andy/nanox/fakeroot/include/readline -I/home/andy/nanox/fakeroot/include/ncurses conftest.cc >&5
configure:6236: $? = 0
configure:6240: test -z 
			 || test ! -s conftest.err
configure:6243: $? = 0
configure:6246: test -s conftest.o
configure:6249: $? = 0
configure:6260: result: yes
configure:6214: checking for strings.h
configure:6230: /usr/local/arm/3.4.1/bin/arm-linux-g++ -c -g -O2 -I/home/andy/nanox/fakeroot/include -I/home/andy/nanox/fakeroot/include/readline -I/home/andy/nanox/fakeroot/include/ncurses conftest.cc >&5
configure:6236: $? = 0
configure:6240: test -z 
			 || test ! -s conftest.err
configure:6243: $? = 0
configure:6246: test -s conftest.o
configure:6249: $? = 0
configure:6260: result: yes
configure:6214: checking for inttypes.h
configure:6230: /usr/local/arm/3.4.1/bin/arm-linux-g++ -c -g -O2 -I/home/andy/nanox/fakeroot/include -I/home/andy/nanox/fakeroot/include/readline -I/home/andy/nanox/fakeroot/include/ncurses conftest.cc >&5
configure:6236: $? = 0
configure:6240: test -z 
			 || test ! -s conftest.err
configure:6243: $? = 0
configure:6246: test -s conftest.o
configure:6249: $? = 0
configure:6260: result: yes
configure:6214: checking for stdint.h
configure:6230: /usr/local/arm/3.4.1/bin/arm-linux-g++ -c -g -O2 -I/home/andy/nanox/fakeroot/include -I/home/andy/nanox/fakeroot/include/readline -I/home/andy/nanox/fakeroot/include/ncurses conftest.cc >&5
configure:6236: $? = 0
configure:6240: test -z 
			 || test ! -s conftest.err
configure:6243: $? = 0
configure:6246: test -s conftest.o
configure:6249: $? = 0
configure:6260: result: yes
configure:6214: checking for unistd.h
configure:6230: /usr/local/arm/3.4.1/bin/arm-linux-g++ -c -g -O2 -I/home/andy/nanox/fakeroot/include -I/home/andy/nanox/fakeroot/include/readline -I/home/andy/nanox/fakeroot/include/ncurses conftest.cc >&5
configure:6236: $? = 0
configure:6240: test -z 
			 || test ! -s conftest.err
configure:6243: $? = 0
configure:6246: test -s conftest.o
configure:6249: $? = 0
configure:6260: result: yes
configure:6278: checking for stdlib.h
configure:6283: result: yes
configure:6278: checking for unistd.h
configure:6283: result: yes
configure:6427: checking for getpagesize
configure:6484: /usr/local/arm/3.4.1/bin/arm-linux-g++ -o conftest -g -O2 -I/home/andy/nanox/fakeroot/include -I/home/andy/nanox/fakeroot/include/readline -I/home/andy/nanox/fakeroot/include/ncurses -L/home/andy/nanox/fakeroot/lib -lz -liconv  -lncurses -ltermcap conftest.cc  >&5
configure:6490: $? = 0
configure:6494: test -z 
			 || test ! -s conftest.err
configure:6497: $? = 0
configure:6500: test -s conftest
configure:6503: $? = 0
configure:6515: result: yes
configure:6525: checking for working mmap
configure:6689: result: no
configure:6701: checking for zlibVersion in -lz
configure:6731: /usr/local/arm/3.4.1/bin/arm-linux-g++ -o conftest -g -O2 -I/home/andy/nanox/fakeroot/include -I/home/andy/nanox/fakeroot/include/readline -I/home/andy/nanox/fakeroot/include/ncurses -L/home/andy/nanox/fakeroot/lib -lz -liconv  -lncurses -ltermcap conftest.cc -lz   >&5
configure:6737: $? = 0
configure:6741: test -z 
			 || test ! -s conftest.err
configure:6744: $? = 0
configure:6747: test -s conftest
configure:6750: $? = 0
configure:6763: result: yes
configure:6796: checking whether readline via "-lreadline" is present and sane
configure:6822: /usr/local/arm/3.4.1/bin/arm-linux-g++ -o conftest -g -O2 -I/home/andy/nanox/fakeroot/include -I/home/andy/nanox/fakeroot/include/readline -I/home/andy/nanox/fakeroot/include/ncurses -I/home/andy/nanox/fakeroot/include -L/home/andy/nanox/fakeroot/lib -lz -liconv  -lncurses -ltermcap -L/home/andy/nanox/fakeroot/lib conftest.cc  -lz -lreadline >&5
/home/andy/nanox/fakeroot/lib/libreadline.so: undefined reference to `tgetnum'
/home/andy/nanox/fakeroot/lib/libreadline.so: undefined reference to `tgoto'
/home/andy/nanox/fakeroot/lib/libreadline.so: undefined reference to `tgetflag'
/home/andy/nanox/fakeroot/lib/libreadline.so: undefined reference to `BC'
/home/andy/nanox/fakeroot/lib/libreadline.so: undefined reference to `tputs'
/home/andy/nanox/fakeroot/lib/libreadline.so: undefined reference to `PC'
/home/andy/nanox/fakeroot/lib/libreadline.so: undefined reference to `tgetent'
/home/andy/nanox/fakeroot/lib/libreadline.so: undefined reference to `UP'
/home/andy/nanox/fakeroot/lib/libreadline.so: undefined reference to `tgetstr'
collect2: ld returned 1 exit status
configure:6828: $? = 1
configure: failed program was:
| /* confdefs.h.  */
| 
| #define PACKAGE_NAME "sdcv"
| #define PACKAGE_TARNAME "sdcv"
| #define PACKAGE_VERSION "0.4.2"
| #define PACKAGE_STRING "sdcv 0.4.2"
| #define PACKAGE_BUGREPORT "dushistov@mail.ru"
| #define PACKAGE "sdcv"
| #define VERSION "0.4.2"
| #ifdef __cplusplus
| extern "C" void std::exit (int) throw (); using std::exit;
| #endif
| #define ENABLE_NLS 1
| #define HAVE_GETTEXT 1
| #define HAVE_DCGETTEXT 1
| #define GETTEXT_PACKAGE "sdcv"
| #define HAVE_ICONV 1
| #define ICONV_CONST 
| #define STDC_HEADERS 1
| #define HAVE_SYS_TYPES_H 1
| #define HAVE_SYS_STAT_H 1
| #define HAVE_STDLIB_H 1
| #define HAVE_STRING_H 1
| #define HAVE_MEMORY_H 1
| #define HAVE_STRINGS_H 1
| #define HAVE_INTTYPES_H 1
| #define HAVE_STDINT_H 1
| #define HAVE_UNISTD_H 1
| #define HAVE_STDLIB_H 1
| #define HAVE_UNISTD_H 1
| #define HAVE_GETPAGESIZE 1
| /* end confdefs.h.  */
| 
| #include <stdio.h>
| #include <readline/readline.h>
| #include <readline/history.h>
| 
| int
| main ()
| {
| 
| add_history("foobar");
| rl_catch_signals=0;
| 
|   ;
|   return 0;
| }
configure:6853: result: no
configure:6796: checking whether readline via "-lreadline -ltermcap" is present and sane
configure:6822: /usr/local/arm/3.4.1/bin/arm-linux-g++ -o conftest -g -O2 -I/home/andy/nanox/fakeroot/include -I/home/andy/nanox/fakeroot/include/readline -I/home/andy/nanox/fakeroot/include/ncurses -I/home/andy/nanox/fakeroot/include -L/home/andy/nanox/fakeroot/lib -lz -liconv  -lncurses -ltermcap -L/home/andy/nanox/fakeroot/lib conftest.cc  -lz -lreadline -ltermcap >&5
configure:6828: $? = 0
configure:6832: test -z 
			 || test ! -s conftest.err
configure:6835: $? = 0
configure:6838: test -s conftest
configure:6841: $? = 0
configure:6853: result: yes
configure:6883: checking for arm-unknown-linux-pkg-config
configure:6916: result: no
configure:6925: checking for pkg-config
configure:6943: found /usr/bin/pkg-config
configure:6955: result: /usr/bin/pkg-config
configure:6970: checking pkg-config is at least version 0.9.0
configure:6973: result: yes
configure:6984: checking for SDCV
configure:6992: $PKG_CONFIG --exists --print-errors "glib-2.0 >= 2.6.1"
configure:6995: $? = 0
configure:7010: $PKG_CONFIG --exists --print-errors "glib-2.0 >= 2.6.1"
configure:7013: $? = 0
configure:7089: result: yes
configure:7101: checking for LIB_STARDICT
configure:7109: $PKG_CONFIG --exists --print-errors "glib-2.0 >= 2.6.1"
configure:7112: $? = 0
configure:7127: $PKG_CONFIG --exists --print-errors "glib-2.0 >= 2.6.1"
configure:7130: $? = 0
configure:7206: result: yes
configure:7336: creating ./config.status

## ---------------------- ##
## Running config.status. ##
## ---------------------- ##

This file was extended by sdcv config.status 0.4.2, which was
generated by GNU Autoconf 2.59.  Invocation command line was

  CONFIG_FILES    = 
  CONFIG_HEADERS  = 
  CONFIG_LINKS    = 
  CONFIG_COMMANDS = 
  $ ./config.status 

on friends

config.status:745: creating Makefile
config.status:745: creating m4/Makefile
config.status:745: creating src/lib/Makefile
config.status:745: creating src/Makefile
config.status:745: creating doc/Makefile
config.status:745: creating doc/uk/Makefile
config.status:745: creating po/Makefile.in
config.status:745: creating tests/Makefile
config.status:745: creating tests/stardict-test_dict-2.4.2/Makefile
config.status:849: creating config.h
config.status:1155: executing depfiles commands
config.status:1155: executing default-1 commands

## ---------------- ##
## Cache variables. ##
## ---------------- ##

ac_cv_build=i686-pc-linux-gnu
ac_cv_build_alias=i686-pc-linux
ac_cv_c_compiler_gnu=yes
ac_cv_cxx_compiler_gnu=yes
ac_cv_env_CC_set=set
ac_cv_env_CC_value=/usr/local/arm/3.4.1/bin/arm-linux-gcc
ac_cv_env_CFLAGS_set=set
ac_cv_env_CFLAGS_value=
ac_cv_env_CPPFLAGS_set=set
ac_cv_env_CPPFLAGS_value='-I/home/andy/nanox/fakeroot/include -I/home/andy/nanox/fakeroot/include/readline -I/home/andy/nanox/fakeroot/include/ncurses'
ac_cv_env_CPP_set=
ac_cv_env_CPP_value=
ac_cv_env_CXXCPP_set=
ac_cv_env_CXXCPP_value=
ac_cv_env_CXXFLAGS_set=
ac_cv_env_CXXFLAGS_value=
ac_cv_env_CXX_set=set
ac_cv_env_CXX_value=/usr/local/arm/3.4.1/bin/arm-linux-g++
ac_cv_env_LDFLAGS_set=set
ac_cv_env_LDFLAGS_value='-L/home/andy/nanox/fakeroot/lib -lz -liconv  -lncurses -ltermcap'
ac_cv_env_LIB_STARDICT_CFLAGS_set=
ac_cv_env_LIB_STARDICT_CFLAGS_value=
ac_cv_env_LIB_STARDICT_LIBS_set=
ac_cv_env_LIB_STARDICT_LIBS_value=
ac_cv_env_PKG_CONFIG_set=
ac_cv_env_PKG_CONFIG_value=
ac_cv_env_SDCV_CFLAGS_set=
ac_cv_env_SDCV_CFLAGS_value=
ac_cv_env_SDCV_LIBS_set=
ac_cv_env_SDCV_LIBS_value=
ac_cv_env_build_alias_set=set
ac_cv_env_build_alias_value=i686-pc-linux
ac_cv_env_host_alias_set=set
ac_cv_env_host_alias_value=arm-unknown-linux
ac_cv_env_target_alias_set=set
ac_cv_env_target_alias_value=arm-unknown-linux
ac_cv_exeext=
ac_cv_func_getpagesize=yes
ac_cv_func_mmap_fixed_mapped=no
ac_cv_header_inttypes_h=yes
ac_cv_header_memory_h=yes
ac_cv_header_stdc=yes
ac_cv_header_stdint_h=yes
ac_cv_header_stdlib_h=yes
ac_cv_header_string_h=yes
ac_cv_header_strings_h=yes
ac_cv_header_sys_stat_h=yes
ac_cv_header_sys_types_h=yes
ac_cv_header_unistd_h=yes
ac_cv_host=arm-unknown-linux-gnu
ac_cv_host_alias=arm-unknown-linux
ac_cv_lib_z_zlibVersion=yes
ac_cv_objext=o
ac_cv_path_GMSGFMT=/usr/bin/msgfmt
ac_cv_path_MSGFMT=/usr/bin/msgfmt
ac_cv_path_MSGMERGE=/usr/bin/msgmerge
ac_cv_path_XGETTEXT=:
ac_cv_path_ac_pt_PKG_CONFIG=/usr/bin/pkg-config
ac_cv_path_install='/usr/bin/install -c'
ac_cv_prog_AWK=gawk
ac_cv_prog_CC=/usr/local/arm/3.4.1/bin/arm-linux-gcc
ac_cv_prog_CPP='/usr/local/arm/3.4.1/bin/arm-linux-gcc -E'
ac_cv_prog_CXX=/usr/local/arm/3.4.1/bin/arm-linux-g++
ac_cv_prog_CXXCPP='/usr/local/arm/3.4.1/bin/arm-linux-g++ -E'
ac_cv_prog_RANLIB=/usr/local/arm/3.4.1/bin/arm-linux-ranlib
ac_cv_prog_STRIP=/usr/local/arm/3.4.1/bin/arm-linux-strip
ac_cv_prog_cc_g=yes
ac_cv_prog_cc_stdc=
ac_cv_prog_cxx_g=yes
ac_cv_prog_egrep='grep -E'
ac_cv_prog_make_make_set=yes
acl_cv_hardcode_direct=no
acl_cv_hardcode_libdir_flag_spec='${wl}-rpath ${wl}$libdir'
acl_cv_hardcode_libdir_separator=
acl_cv_hardcode_minus_L=no
acl_cv_libext=a
acl_cv_path_LD=/usr/local/arm/3.4.1/bin/arm-linux-ld
acl_cv_prog_gnu_ld=yes
acl_cv_rpath=done
acl_cv_shlibext=so
acl_cv_wl=-Wl,
am_cv_CC_dependencies_compiler_type=gcc3
am_cv_CXX_dependencies_compiler_type=gcc3
am_cv_func_iconv=yes
am_cv_lib_iconv=no
am_cv_proto_iconv='extern size_t iconv (iconv_t cd, char * *inbuf, size_t *inbytesleft, char * *outbuf, size_t *outbytesleft);'
am_cv_proto_iconv_arg1=
gt_cv_func_gnugettext1_libc=yes
pkg_cv_LIB_STARDICT_CFLAGS='-I/home/andy/nanox/fakeroot//include/glib-2.0 -I/home/andy/nanox/fakeroot//lib/glib-2.0/include  '
pkg_cv_LIB_STARDICT_LIBS='-L/home/andy/nanox/fakeroot//lib -lglib-2.0  '
pkg_cv_SDCV_CFLAGS='-I/home/andy/nanox/fakeroot//include/glib-2.0 -I/home/andy/nanox/fakeroot//lib/glib-2.0/include  '
pkg_cv_SDCV_LIBS='-L/home/andy/nanox/fakeroot//lib -lglib-2.0  '

## ----------------- ##
## Output variables. ##
## ----------------- ##

ACLOCAL='${SHELL} /home/andy/nanox/sdcv-0.4.2_patched/missing --run aclocal-1.9'
AMDEPBACKSLASH='\'
AMDEP_FALSE='#'
AMDEP_TRUE=''
AMTAR='${SHELL} /home/andy/nanox/sdcv-0.4.2_patched/missing --run tar'
AUTOCONF='${SHELL} /home/andy/nanox/sdcv-0.4.2_patched/missing --run autoconf'
AUTOHEADER='${SHELL} /home/andy/nanox/sdcv-0.4.2_patched/missing --run autoheader'
AUTOMAKE='${SHELL} /home/andy/nanox/sdcv-0.4.2_patched/missing --run automake-1.9'
AWK='gawk'
CC='/usr/local/arm/3.4.1/bin/arm-linux-gcc'
CCDEPMODE='depmode=gcc3'
CFLAGS=''
CPP='/usr/local/arm/3.4.1/bin/arm-linux-gcc -E'
CPPFLAGS='-I/home/andy/nanox/fakeroot/include -I/home/andy/nanox/fakeroot/include/readline -I/home/andy/nanox/fakeroot/include/ncurses -I/home/andy/nanox/fakeroot/include'
CXX='/usr/local/arm/3.4.1/bin/arm-linux-g++'
CXXCPP='/usr/local/arm/3.4.1/bin/arm-linux-g++ -E'
CXXDEPMODE='depmode=gcc3'
CXXFLAGS='-g -O2'
CYGPATH_W='echo'
DEFS='-DHAVE_CONFIG_H'
DEPDIR='.deps'
ECHO_C=''
ECHO_N='-n'
ECHO_T=''
EGREP='grep -E'
EXEEXT=''
GETTEXT_PACKAGE='sdcv'
GMSGFMT='/usr/bin/msgfmt'
INSTALL_DATA='${INSTALL} -m 644'
INSTALL_PROGRAM='${INSTALL}'
INSTALL_SCRIPT='${INSTALL}'
INSTALL_STRIP_PROGRAM='${SHELL} $(install_sh) -c -s'
INTLLIBS=''
LDFLAGS='-L/home/andy/nanox/fakeroot/lib -lz -liconv  -lncurses -ltermcap -L/home/andy/nanox/fakeroot/lib'
LIBICONV=''
LIBINTL=''
LIBOBJS=''
LIBREADLINE='-lreadline -ltermcap'
LIBS=' -lz'
LIB_STARDICT_CFLAGS='-I/home/andy/nanox/fakeroot//include/glib-2.0 -I/home/andy/nanox/fakeroot//lib/glib-2.0/include  '
LIB_STARDICT_LIBS='-L/home/andy/nanox/fakeroot//lib -lglib-2.0  '
LTLIBICONV=''
LTLIBINTL=''
LTLIBOBJS=''
MAINT='#'
MAINTAINER_MODE_FALSE=''
MAINTAINER_MODE_TRUE='#'
MAKEINFO='${SHELL} /home/andy/nanox/sdcv-0.4.2_patched/missing --run makeinfo'
MKINSTALLDIRS='$(top_builddir)/./mkinstalldirs'
MSGFMT='/usr/bin/msgfmt'
MSGMERGE='/usr/bin/msgmerge'
OBJEXT='o'
PACKAGE='sdcv'
PACKAGE_BUGREPORT='dushistov@mail.ru'
PACKAGE_NAME='sdcv'
PACKAGE_STRING='sdcv 0.4.2'
PACKAGE_TARNAME='sdcv'
PACKAGE_VERSION='0.4.2'
PATH_SEPARATOR=':'
PKG_CONFIG='/usr/bin/pkg-config'
POSUB='po'
RANLIB='/usr/local/arm/3.4.1/bin/arm-linux-ranlib'
SDCV_CFLAGS='-Wall -I/home/andy/nanox/fakeroot//include/glib-2.0 -I/home/andy/nanox/fakeroot//lib/glib-2.0/include  '
SDCV_LIBS='-L/home/andy/nanox/fakeroot//lib -lglib-2.0  '
SET_MAKE=''
SHELL='/bin/sh'
STRIP='/usr/local/arm/3.4.1/bin/arm-linux-strip'
USE_NLS='yes'
VERSION='0.4.2'
XGETTEXT=':'
ac_ct_CC=''
ac_ct_CXX=''
ac_ct_RANLIB=''
ac_ct_STRIP=''
ac_pt_PKG_CONFIG='/usr/bin/pkg-config'
am__fastdepCC_FALSE='#'
am__fastdepCC_TRUE=''
am__fastdepCXX_FALSE='#'
am__fastdepCXX_TRUE=''
am__include='include'
am__leading_dot='.'
am__quote=''
am__tar='${AMTAR} chof - "$$tardir"'
am__untar='${AMTAR} xf -'
bindir='${exec_prefix}/bin'
build='i686-pc-linux-gnu'
build_alias='i686-pc-linux'
build_cpu='i686'
build_os='linux-gnu'
build_vendor='pc'
datadir='${prefix}/share'
exec_prefix='${prefix}'
host='arm-unknown-linux-gnu'
host_alias='arm-unknown-linux'
host_cpu='arm'
host_os='linux-gnu'
host_vendor='unknown'
includedir='${prefix}/include'
infodir='${prefix}/info'
install_sh='/home/andy/nanox/sdcv-0.4.2_patched/install-sh'
libdir='${exec_prefix}/lib'
libexecdir='${exec_prefix}/libexec'
localstatedir='${prefix}/var'
mandir='${prefix}/man'
mkdir_p='mkdir -p --'
oldincludedir='/usr/include'
prefix='/home/andy/nanox/fakeroot'
program_transform_name='s,x,x,'
sbindir='${exec_prefix}/sbin'
sharedstatedir='${prefix}/com'
sysconfdir='${prefix}/etc'
target_alias='arm-unknown-linux'

## ----------- ##
## confdefs.h. ##
## ----------- ##

#define ENABLE_NLS 1
#define GETTEXT_PACKAGE "sdcv"
#define HAVE_DCGETTEXT 1
#define HAVE_GETPAGESIZE 1
#define HAVE_GETTEXT 1
#define HAVE_ICONV 1
#define HAVE_INTTYPES_H 1
#define HAVE_MEMORY_H 1
#define HAVE_STDINT_H 1
#define HAVE_STDLIB_H 1
#define HAVE_STDLIB_H 1
#define HAVE_STRINGS_H 1
#define HAVE_STRING_H 1
#define HAVE_SYS_STAT_H 1
#define HAVE_SYS_TYPES_H 1
#define HAVE_UNISTD_H 1
#define HAVE_UNISTD_H 1
#define ICONV_CONST 
#define PACKAGE "sdcv"
#define PACKAGE_BUGREPORT "dushistov@mail.ru"
#define PACKAGE_NAME "sdcv"
#define PACKAGE_STRING "sdcv 0.4.2"
#define PACKAGE_TARNAME "sdcv"
#define PACKAGE_VERSION "0.4.2"
#define STDC_HEADERS 1
#define VERSION "0.4.2"
#define WITH_READLINE 1
#endif
#ifdef __cplusplus
extern "C" void std::exit (int) throw (); using std::exit;

configure: exit 0
